# JRE version: Java(TM) SE Runtime Environment (7.0_40-b43) (build 1.7.0_40-b43)
# Java VM: Java HotSpot(TM) 64-Bit Server VM (24.0-b56 mixed mode windows-amd64 compressed oops)
Heap
 PSYoungGen      total 80896K, used 23630K [0x00000000eaa80000, 0x00000000f1280000, 0x0000000100000000)
  eden space 60928K, 6% used [0x00000000eaa80000,0x00000000eae16780,0x00000000ee600000)
  from space 19968K, 99% used [0x00000000ee600000,0x00000000ef97d1a8,0x00000000ef980000)
  to   space 17920K, 0% used [0x00000000ef980000,0x00000000ef980000,0x00000000f0b00000)
 ParOldGen       total 77312K, used 44589K [0x00000000c0000000, 0x00000000c4b80000, 0x00000000eaa80000)
  object space 77312K, 57% used [0x00000000c0000000,0x00000000c2b8b7a0,0x00000000c4b80000)
 PSPermGen       total 21504K, used 5917K [0x00000000bae00000, 0x00000000bc300000, 0x00000000c0000000)
  object space 21504K, 27% used [0x00000000bae00000,0x00000000bb3c74a8,0x00000000bc300000)
GC Heap History (10 events):
Event: 18.328 GC heap before
{Heap before GC invocations=8 (full 0):
 PSYoungGen      total 71168K, used 71155K [0x00000000eaa80000, 0x00000000ef980000, 0x0000000100000000)
  eden space 62464K, 100% used [0x00000000eaa80000,0x00000000ee780000,0x00000000ee780000)
  from space 8704K, 99% used [0x00000000ee780000,0x00000000eeffcc20,0x00000000ef000000)
  to   space 7680K, 0% used [0x00000000ef000000,0x00000000ef000000,0x00000000ef780000)
 ParOldGen       total 41472K, used 22204K [0x00000000c0000000, 0x00000000c2880000, 0x00000000eaa80000)
  object space 41472K, 53% used [0x00000000c0000000,0x00000000c15af3f8,0x00000000c2880000)
 PSPermGen       total 21504K, used 5668K [0x00000000bae00000, 0x00000000bc300000, 0x00000000c0000000)
  object space 21504K, 26% used [0x00000000bae00000,0x00000000bb389310,0x00000000bc300000)
Event: 18.421 GC heap after
Heap after GC invocations=8 (full 0):
 PSYoungGen      total 59904K, used 7650K [0x00000000eaa80000, 0x00000000f4980000, 0x0000000100000000)
  eden space 52224K, 0% used [0x00000000eaa80000,0x00000000eaa80000,0x00000000edd80000)
  from space 7680K, 99% used [0x00000000ef000000,0x00000000ef778b70,0x00000000ef780000)
  to   space 18944K, 0% used [0x00000000edd80000,0x00000000edd80000,0x00000000ef000000)
 ParOldGen       total 41472K, used 34420K [0x00000000c0000000, 0x00000000c2880000, 0x00000000eaa80000)
  object space 41472K, 82% used [0x00000000c0000000,0x00000000c219d370,0x00000000c2880000)
 PSPermGen       total 21504K, used 5668K [0x00000000bae00000, 0x00000000bc300000, 0x00000000c0000000)
  object space 21504K, 26% used [0x00000000bae00000,0x00000000bb389310,0x00000000bc300000)
}
Event: 18.421 GC heap before
{Heap before GC invocations=9 (full 1):
 PSYoungGen      total 59904K, used 7650K [0x00000000eaa80000, 0x00000000f4980000, 0x0000000100000000)
  eden space 52224K, 0% used [0x00000000eaa80000,0x00000000eaa80000,0x00000000edd80000)
  from space 7680K, 99% used [0x00000000ef000000,0x00000000ef778b70,0x00000000ef780000)
  to   space 18944K, 0% used [0x00000000edd80000,0x00000000edd80000,0x00000000ef000000)
 ParOldGen       total 41472K, used 34420K [0x00000000c0000000, 0x00000000c2880000, 0x00000000eaa80000)
  object space 41472K, 82% used [0x00000000c0000000,0x00000000c219d370,0x00000000c2880000)
 PSPermGen       total 21504K, used 5668K [0x00000000bae00000, 0x00000000bc300000, 0x00000000c0000000)
  object space 21504K, 26% used [0x00000000bae00000,0x00000000bb389310,0x00000000bc300000)
Event: 19.956 GC heap after
Heap after GC invocations=9 (full 1):
 PSYoungGen      total 59904K, used 0K [0x00000000eaa80000, 0x00000000f4980000, 0x0000000100000000)
  eden space 52224K, 0% used [0x00000000eaa80000,0x00000000eaa80000,0x00000000edd80000)
  from space 7680K, 0% used [0x00000000ef000000,0x00000000ef000000,0x00000000ef780000)
  to   space 18944K, 0% used [0x00000000edd80000,0x00000000edd80000,0x00000000ef000000)
 ParOldGen       total 77312K, used 39116K [0x00000000c0000000, 0x00000000c4b80000, 0x00000000eaa80000)
  object space 77312K, 50% used [0x00000000c0000000,0x00000000c2633380,0x00000000c4b80000)
 PSPermGen       total 21504K, used 5662K [0x00000000bae00000, 0x00000000bc300000, 0x00000000c0000000)
  object space 21504K, 26% used [0x00000000bae00000,0x00000000bb387898,0x00000000bc300000)
}
Event: 21.286 GC heap before
{Heap before GC invocations=10 (full 1):
 PSYoungGen      total 59904K, used 52224K [0x00000000eaa80000, 0x00000000f4980000, 0x0000000100000000)
  eden space 52224K, 100% used [0x00000000eaa80000,0x00000000edd80000,0x00000000edd80000)
  from space 7680K, 0% used [0x00000000ef000000,0x00000000ef000000,0x00000000ef780000)
  to   space 18944K, 0% used [0x00000000edd80000,0x00000000edd80000,0x00000000ef000000)
 ParOldGen       total 77312K, used 39116K [0x00000000c0000000, 0x00000000c4b80000, 0x00000000eaa80000)
  object space 77312K, 50% used [0x00000000c0000000,0x00000000c2633380,0x00000000c4b80000)
 PSPermGen       total 21504K, used 5704K [0x00000000bae00000, 0x00000000bc300000, 0x00000000c0000000)
  object space 21504K, 26% used [0x00000000bae00000,0x00000000bb392150,0x00000000bc300000)
Event: 21.392 GC heap after
Heap after GC invocations=10 (full 1):
 PSYoungGen      total 71168K, used 8448K [0x00000000eaa80000, 0x00000000f0b00000, 0x0000000100000000)
  eden space 52224K, 0% used [0x00000000eaa80000,0x00000000eaa80000,0x00000000edd80000)
  from space 18944K, 44% used [0x00000000edd80000,0x00000000ee5c0000,0x00000000ef000000)
  to   space 17920K, 0% used [0x00000000ef980000,0x00000000ef980000,0x00000000f0b00000)
 ParOldGen       total 77312K, used 39116K [0x00000000c0000000, 0x00000000c4b80000, 0x00000000eaa80000)
  object space 77312K, 50% used [0x00000000c0000000,0x00000000c2633380,0x00000000c4b80000)
 PSPermGen       total 21504K, used 5704K [0x00000000bae00000, 0x00000000bc300000, 0x00000000c0000000)
  object space 21504K, 26% used [0x00000000bae00000,0x00000000bb392150,0x00000000bc300000)
}
Event: 22.362 GC heap before
{Heap before GC invocations=11 (full 1):
 PSYoungGen      total 71168K, used 60672K [0x00000000eaa80000, 0x00000000f0b00000, 0x0000000100000000)
  eden space 52224K, 100% used [0x00000000eaa80000,0x00000000edd80000,0x00000000edd80000)
  from space 18944K, 44% used [0x00000000edd80000,0x00000000ee5c0000,0x00000000ef000000)
  to   space 17920K, 0% used [0x00000000ef980000,0x00000000ef980000,0x00000000f0b00000)
 ParOldGen       total 77312K, used 39116K [0x00000000c0000000, 0x00000000c4b80000, 0x00000000eaa80000)
  object space 77312K, 50% used [0x00000000c0000000,0x00000000c2633380,0x00000000c4b80000)
 PSPermGen       total 21504K, used 5718K [0x00000000bae00000, 0x00000000bc300000, 0x00000000c0000000)
  object space 21504K, 26% used [0x00000000bae00000,0x00000000bb3958e0,0x00000000bc300000)
Event: 22.507 GC heap after
Heap after GC invocations=11 (full 1):
 PSYoungGen      total 78848K, used 16083K [0x00000000eaa80000, 0x00000000f1280000, 0x0000000100000000)
  eden space 60928K, 0% used [0x00000000eaa80000,0x00000000eaa80000,0x00000000ee600000)
  from space 17920K, 89% used [0x00000000ef980000,0x00000000f0934c98,0x00000000f0b00000)
  to   space 19968K, 0% used [0x00000000ee600000,0x00000000ee600000,0x00000000ef980000)
 ParOldGen       total 77312K, used 39116K [0x00000000c0000000, 0x00000000c4b80000, 0x00000000eaa80000)
  object space 77312K, 50% used [0x00000000c0000000,0x00000000c2633380,0x00000000c4b80000)
 PSPermGen       total 21504K, used 5718K [0x00000000bae00000, 0x00000000bc300000, 0x00000000c0000000)
  object space 21504K, 26% used [0x00000000bae00000,0x00000000bb3958e0,0x00000000bc300000)
}
Event: 24.691 GC heap before
{Heap before GC invocations=12 (full 1):
 PSYoungGen      total 78848K, used 77011K [0x00000000eaa80000, 0x00000000f1280000, 0x0000000100000000)
  eden space 60928K, 100% used [0x00000000eaa80000,0x00000000ee600000,0x00000000ee600000)
  from space 17920K, 89% used [0x00000000ef980000,0x00000000f0934c98,0x00000000f0b00000)
  to   space 19968K, 0% used [0x00000000ee600000,0x00000000ee600000,0x00000000ef980000)
 ParOldGen       total 77312K, used 39116K [0x00000000c0000000, 0x00000000c4b80000, 0x00000000eaa80000)
  object space 77312K, 50% used [0x00000000c0000000,0x00000000c2633380,0x00000000c4b80000)
 PSPermGen       total 21504K, used 5797K [0x00000000bae00000, 0x00000000bc300000, 0x00000000c0000000)
  object space 21504K, 26% used [0x00000000bae00000,0x00000000bb3a9628,0x00000000bc300000)
Event: 24.794 GC heap after
Heap after GC invocations=12 (full 1):
 PSYoungGen      total 80896K, used 19956K [0x00000000eaa80000, 0x00000000f1280000, 0x0000000100000000)
  eden space 60928K, 0% used [0x00000000eaa80000,0x00000000eaa80000,0x00000000ee600000)
  from space 19968K, 99% used [0x00000000ee600000,0x00000000ef97d1a8,0x00000000ef980000)
  to   space 17920K, 0% used [0x00000000ef980000,0x00000000ef980000,0x00000000f0b00000)
 ParOldGen       total 77312K, used 44589K [0x00000000c0000000, 0x00000000c4b80000, 0x00000000eaa80000)
  object space 77312K, 57% used [0x00000000c0000000,0x00000000c2b8b7a0,0x00000000c4b80000)
 PSPermGen       total 21504K, used 5797K [0x00000000bae00000, 0x00000000bc300000, 0x00000000c0000000)
  object space 21504K, 26% used [0x00000000bae00000,0x00000000bb3a9628,0x00000000bc300000)
}

