# JRE version: Java(TM) SE Runtime Environment (7.0_40-b43) (build 1.7.0_40-b43)
# Java VM: Java HotSpot(TM) 64-Bit Server VM (24.0-b56 mixed mode windows-amd64 compressed oops)
Heap
 PSYoungGen      total 140288K, used 113163K [0x00000000eaa80000, 0x00000000f5d00000, 0x0000000100000000)
  eden space 105984K, 80% used [0x00000000eaa80000,0x00000000efd575c8,0x00000000f1200000)
  from space 34304K, 82% used [0x00000000f3600000,0x00000000f51ab6e8,0x00000000f5780000)
  to   space 36864K, 0% used [0x00000000f1200000,0x00000000f1200000,0x00000000f3600000)
 ParOldGen       total 185344K, used 100775K [0x00000000c0000000, 0x00000000cb500000, 0x00000000eaa80000)
  object space 185344K, 54% used [0x00000000c0000000,0x00000000c6269f18,0x00000000cb500000)
 PSPermGen       total 21504K, used 5719K [0x00000000bae00000, 0x00000000bc300000, 0x00000000c0000000)
  object space 21504K, 26% used [0x00000000bae00000,0x00000000bb395c40,0x00000000bc300000)
GC Heap History (10 events):
Event: 31.907 GC heap before
{Heap before GC invocations=15 (full 2):
 PSYoungGen      total 100352K, used 95341K [0x00000000eaa80000, 0x00000000f3200000, 0x0000000100000000)
  eden space 73216K, 100% used [0x00000000eaa80000,0x00000000ef200000,0x00000000ef200000)
  from space 27136K, 81% used [0x00000000f0e80000,0x00000000f241b7e0,0x00000000f2900000)
  to   space 29184K, 0% used [0x00000000ef200000,0x00000000ef200000,0x00000000f0e80000)
 ParOldGen       total 100864K, used 68857K [0x00000000c0000000, 0x00000000c6280000, 0x00000000eaa80000)
  object space 100864K, 68% used [0x00000000c0000000,0x00000000c433e458,0x00000000c6280000)
 PSPermGen       total 21504K, used 5703K [0x00000000bae00000, 0x00000000bc300000, 0x00000000c0000000)
  object space 21504K, 26% used [0x00000000bae00000,0x00000000bb391e50,0x00000000bc300000)
Event: 32.219 GC heap after
Heap after GC invocations=15 (full 2):
 PSYoungGen      total 102400K, used 29177K [0x00000000eaa80000, 0x00000000f4780000, 0x0000000100000000)
  eden space 73216K, 0% used [0x00000000eaa80000,0x00000000eaa80000,0x00000000ef200000)
  from space 29184K, 99% used [0x00000000ef200000,0x00000000f0e7e608,0x00000000f0e80000)
  to   space 35328K, 0% used [0x00000000f2500000,0x00000000f2500000,0x00000000f4780000)
 ParOldGen       total 100864K, used 73244K [0x00000000c0000000, 0x00000000c6280000, 0x00000000eaa80000)
  object space 100864K, 72% used [0x00000000c0000000,0x00000000c47871d8,0x00000000c6280000)
 PSPermGen       total 21504K, used 5703K [0x00000000bae00000, 0x00000000bc300000, 0x00000000c0000000)
  object space 21504K, 26% used [0x00000000bae00000,0x00000000bb391e50,0x00000000bc300000)
}
Event: 33.575 GC heap before
{Heap before GC invocations=16 (full 2):
 PSYoungGen      total 102400K, used 102393K [0x00000000eaa80000, 0x00000000f4780000, 0x0000000100000000)
  eden space 73216K, 100% used [0x00000000eaa80000,0x00000000ef200000,0x00000000ef200000)
  from space 29184K, 99% used [0x00000000ef200000,0x00000000f0e7e608,0x00000000f0e80000)
  to   space 35328K, 0% used [0x00000000f2500000,0x00000000f2500000,0x00000000f4780000)
 ParOldGen       total 100864K, used 73244K [0x00000000c0000000, 0x00000000c6280000, 0x00000000eaa80000)
  object space 100864K, 72% used [0x00000000c0000000,0x00000000c47871d8,0x00000000c6280000)
 PSPermGen       total 21504K, used 5705K [0x00000000bae00000, 0x00000000bc300000, 0x00000000c0000000)
  object space 21504K, 26% used [0x00000000bae00000,0x00000000bb392420,0x00000000bc300000)
Event: 33.799 GC heap after
Heap after GC invocations=16 (full 2):
 PSYoungGen      total 124416K, used 22748K [0x00000000eaa80000, 0x00000000f4a00000, 0x0000000100000000)
  eden space 89088K, 0% used [0x00000000eaa80000,0x00000000eaa80000,0x00000000f0180000)
  from space 35328K, 64% used [0x00000000f2500000,0x00000000f3b37338,0x00000000f4780000)
  to   space 36352K, 0% used [0x00000000f0180000,0x00000000f0180000,0x00000000f2500000)
 ParOldGen       total 100864K, used 91282K [0x00000000c0000000, 0x00000000c6280000, 0x00000000eaa80000)
  object space 100864K, 90% used [0x00000000c0000000,0x00000000c5924a38,0x00000000c6280000)
 PSPermGen       total 21504K, used 5705K [0x00000000bae00000, 0x00000000bc300000, 0x00000000c0000000)
  object space 21504K, 26% used [0x00000000bae00000,0x00000000bb392420,0x00000000bc300000)
}
Event: 33.799 GC heap before
{Heap before GC invocations=17 (full 3):
 PSYoungGen      total 124416K, used 22748K [0x00000000eaa80000, 0x00000000f4a00000, 0x0000000100000000)
  eden space 89088K, 0% used [0x00000000eaa80000,0x00000000eaa80000,0x00000000f0180000)
  from space 35328K, 64% used [0x00000000f2500000,0x00000000f3b37338,0x00000000f4780000)
  to   space 36352K, 0% used [0x00000000f0180000,0x00000000f0180000,0x00000000f2500000)
 ParOldGen       total 100864K, used 91282K [0x00000000c0000000, 0x00000000c6280000, 0x00000000eaa80000)
  object space 100864K, 90% used [0x00000000c0000000,0x00000000c5924a38,0x00000000c6280000)
 PSPermGen       total 21504K, used 5705K [0x00000000bae00000, 0x00000000bc300000, 0x00000000c0000000)
  object space 21504K, 26% used [0x00000000bae00000,0x00000000bb392420,0x00000000bc300000)
Event: 35.517 GC heap after
Heap after GC invocations=17 (full 3):
 PSYoungGen      total 124416K, used 4222K [0x00000000eaa80000, 0x00000000f4a00000, 0x0000000100000000)
  eden space 89088K, 0% used [0x00000000eaa80000,0x00000000eaa80000,0x00000000f0180000)
  from space 35328K, 11% used [0x00000000f2500000,0x00000000f291fa38,0x00000000f4780000)
  to   space 36352K, 0% used [0x00000000f0180000,0x00000000f0180000,0x00000000f2500000)
 ParOldGen       total 185344K, used 100775K [0x00000000c0000000, 0x00000000cb500000, 0x00000000eaa80000)
  object space 185344K, 54% used [0x00000000c0000000,0x00000000c6269f18,0x00000000cb500000)
 PSPermGen       total 21504K, used 5704K [0x00000000bae00000, 0x00000000bc300000, 0x00000000c0000000)
  object space 21504K, 26% used [0x00000000bae00000,0x00000000bb3921e0,0x00000000bc300000)
}
Event: 36.836 GC heap before
{Heap before GC invocations=18 (full 3):
 PSYoungGen      total 124416K, used 93310K [0x00000000eaa80000, 0x00000000f4a00000, 0x0000000100000000)
  eden space 89088K, 100% used [0x00000000eaa80000,0x00000000f0180000,0x00000000f0180000)
  from space 35328K, 11% used [0x00000000f2500000,0x00000000f291fa38,0x00000000f4780000)
  to   space 36352K, 0% used [0x00000000f0180000,0x00000000f0180000,0x00000000f2500000)
 ParOldGen       total 185344K, used 100775K [0x00000000c0000000, 0x00000000cb500000, 0x00000000eaa80000)
  object space 185344K, 54% used [0x00000000c0000000,0x00000000c6269f18,0x00000000cb500000)
 PSPermGen       total 21504K, used 5713K [0x00000000bae00000, 0x00000000bc300000, 0x00000000c0000000)
  object space 21504K, 26% used [0x00000000bae00000,0x00000000bb394628,0x00000000bc300000)
Event: 37.028 GC heap after
Heap after GC invocations=18 (full 3):
 PSYoungGen      total 125440K, used 16393K [0x00000000eaa80000, 0x00000000f5780000, 0x0000000100000000)
  eden space 89088K, 0% used [0x00000000eaa80000,0x00000000eaa80000,0x00000000f0180000)
  from space 36352K, 45% used [0x00000000f0180000,0x00000000f11826a0,0x00000000f2500000)
  to   space 34304K, 0% used [0x00000000f3600000,0x00000000f3600000,0x00000000f5780000)
 ParOldGen       total 185344K, used 100775K [0x00000000c0000000, 0x00000000cb500000, 0x00000000eaa80000)
  object space 185344K, 54% used [0x00000000c0000000,0x00000000c6269f18,0x00000000cb500000)
 PSPermGen       total 21504K, used 5713K [0x00000000bae00000, 0x00000000bc300000, 0x00000000c0000000)
  object space 21504K, 26% used [0x00000000bae00000,0x00000000bb394628,0x00000000bc300000)
}
Event: 38.695 GC heap before
{Heap before GC invocations=19 (full 3):
 PSYoungGen      total 125440K, used 105481K [0x00000000eaa80000, 0x00000000f5780000, 0x0000000100000000)
  eden space 89088K, 100% used [0x00000000eaa80000,0x00000000f0180000,0x00000000f0180000)
  from space 36352K, 45% used [0x00000000f0180000,0x00000000f11826a0,0x00000000f2500000)
  to   space 34304K, 0% used [0x00000000f3600000,0x00000000f3600000,0x00000000f5780000)
 ParOldGen       total 185344K, used 100775K [0x00000000c0000000, 0x00000000cb500000, 0x00000000eaa80000)
  object space 185344K, 54% used [0x00000000c0000000,0x00000000c6269f18,0x00000000cb500000)
 PSPermGen       total 21504K, used 5715K [0x00000000bae00000, 0x00000000bc300000, 0x00000000c0000000)
  object space 21504K, 26% used [0x00000000bae00000,0x00000000bb394ff8,0x00000000bc300000)
Event: 38.928 GC heap after
Heap after GC invocations=19 (full 3):
 PSYoungGen      total 140288K, used 28333K [0x00000000eaa80000, 0x00000000f5d00000, 0x0000000100000000)
  eden space 105984K, 0% used [0x00000000eaa80000,0x00000000eaa80000,0x00000000f1200000)
  from space 34304K, 82% used [0x00000000f3600000,0x00000000f51ab6e8,0x00000000f5780000)
  to   space 36864K, 0% used [0x00000000f1200000,0x00000000f1200000,0x00000000f3600000)
 ParOldGen       total 185344K, used 100775K [0x00000000c0000000, 0x00000000cb500000, 0x00000000eaa80000)
  object space 185344K, 54% used [0x00000000c0000000,0x00000000c6269f18,0x00000000cb500000)
 PSPermGen       total 21504K, used 5715K [0x00000000bae00000, 0x00000000bc300000, 0x00000000c0000000)
  object space 21504K, 26% used [0x00000000bae00000,0x00000000bb394ff8,0x00000000bc300000)
}

